Change Component Designator: Old Designator=C? New Designator=C51
Change Component Designator: Old Designator=J? New Designator=J5
Change Component Designator: Old Designator=M? New Designator=M6
Change Component Designator: Old Designator=M? New Designator=M7
Change Component Designator: Old Designator=M? New Designator=M8
Change Component Designator: Old Designator=M? New Designator=M9
Change Component Designator: Old Designator=M? New Designator=M10
Change Component Designator: Old Designator=M? New Designator=M11
Change Component Designator: Old Designator=M? New Designator=M12
Change Component Designator: Old Designator=M? New Designator=M13
Change Component Designator: Old Designator=M? New Designator=M14
Change Component Designator: Old Designator=M? New Designator=M15
Change Component Designator: Old Designator=Q? New Designator=Q1
Change Component Designator: Old Designator=Q? New Designator=Q1
Change Component Designator: Old Designator=R? New Designator=R46
Change Component Designator: Old Designator=R? New Designator=R47
Change Component Designator: Old Designator=R? New Designator=R48
Change Component Designator: Old Designator=R? New Designator=R49
Change Component Designator: Old Designator=R? New Designator=R50
Change Component Designator: Old Designator=R? New Designator=R51
Change Component Designator: Old Designator=R? New Designator=R52
Change Component Designator: Old Designator=R? New Designator=R53
Change Component Designator: Old Designator=R? New Designator=R54
Change Component Designator: Old Designator=R? New Designator=R55
Change Component Designator: Old Designator=R? New Designator=R56
Change Component Designator: Old Designator=R? New Designator=R57
Change Component Designator: Old Designator=R? New Designator=R58
Change Component Designator: Old Designator=R? New Designator=R59
Change Component Designator: Old Designator=R? New Designator=R60
Change Component Designator: Old Designator=R? New Designator=R61
Change Component Designator: Old Designator=R? New Designator=R62
Change Component Designator: Old Designator=R? New Designator=R63
Change Component Designator: Old Designator=R? New Designator=R64
Change Component Designator: Old Designator=R? New Designator=R65
Change Component Designator: Old Designator=R? New Designator=R66
Change Component Designator: Old Designator=R? New Designator=R67
Change Component Designator: Old Designator=R? New Designator=R68
Change Component Designator: Old Designator=R? New Designator=R69
Change Component Designator: Old Designator=T? New Designator=T2
Change Component Designator: Old Designator=U? New Designator=U12
