Replace Part C19 0.1uF 50v (0603) in C:\Users\RossHarvey\Documents\Electronics Documents\Argon_RevB\Schematics\High Voltage Converter.SchDoc with 0.1uF 50v (0603) from Altium Library.IntLib
Replace Part C20 10uF 50v (1206) in C:\Users\RossHarvey\Documents\Electronics Documents\Argon_RevB\Schematics\High Voltage Converter.SchDoc with 10uF 50v (1206) from Altium Library.IntLib
Replace Part C21 1uF 250v (2220) in C:\Users\RossHarvey\Documents\Electronics Documents\Argon_RevB\Schematics\High Voltage Converter.SchDoc with 1uF 250v (2220) from Altium Library.IntLib
Replace Part C22 100nF 250v (1206) in C:\Users\RossHarvey\Documents\Electronics Documents\Argon_RevB\Schematics\High Voltage Converter.SchDoc with 100nF 250v (1206) from Altium Library.IntLib
Replace Part C23 10nF 250v (0805) in C:\Users\RossHarvey\Documents\Electronics Documents\Argon_RevB\Schematics\High Voltage Converter.SchDoc with 10nF 250v (0805) from Altium Library.IntLib
Replace Part C24 1nF 200v (0805) in C:\Users\RossHarvey\Documents\Electronics Documents\Argon_RevB\Schematics\High Voltage Converter.SchDoc with 1nF 200v (0805) from Altium Library.IntLib
Replace Part C25 10pF 250V (0805) in C:\Users\RossHarvey\Documents\Electronics Documents\Argon_RevB\Schematics\High Voltage Converter.SchDoc with 10pF 250V (0805) from Altium Library.IntLib
Replace Part D? C3D02060E in C:\Users\RossHarvey\Documents\Electronics Documents\Argon_RevB\Schematics\High Voltage Converter.SchDoc with C3D02060E from Altium Library.IntLib
Replace Part L1 100uH_SRR1208 in C:\Users\RossHarvey\Documents\Electronics Documents\Argon_RevB\Schematics\High Voltage Converter.SchDoc with 100uH_SRR1208 from Altium Library.IntLib
Replace Part M2 BSC600N25NS3 G in C:\Users\RossHarvey\Documents\Electronics Documents\Argon_RevB\Schematics\High Voltage Converter.SchDoc with BSC600N25NS3 G from Altium Library.IntLib
Replace Part R10 0R (0603) in C:\Users\RossHarvey\Documents\Electronics Documents\Argon_RevB\Schematics\High Voltage Converter.SchDoc with 0R (0603) from Altium Library.IntLib
Replace Part R11 10m 0.5% (2512 4-Terminal) in C:\Users\RossHarvey\Documents\Electronics Documents\Argon_RevB\Schematics\High Voltage Converter.SchDoc with 10m 0.5% (2512 4-Terminal) from Altium Library.IntLib
Replace Part R12 0R (1206) in C:\Users\RossHarvey\Documents\Electronics Documents\Argon_RevB\Schematics\High Voltage Converter.SchDoc with 0R (1206) from Altium Library.IntLib
Replace Part R13 0R (0603) in C:\Users\RossHarvey\Documents\Electronics Documents\Argon_RevB\Schematics\High Voltage Converter.SchDoc with 0R (0603) from Altium Library.IntLib
Replace Part R14 1MEG 500v (1206) in C:\Users\RossHarvey\Documents\Electronics Documents\Argon_RevB\Schematics\High Voltage Converter.SchDoc with 1MEG 500v (1206) from Altium Library.IntLib
Replace Part R15 10k 500v (1206) in C:\Users\RossHarvey\Documents\Electronics Documents\Argon_RevB\Schematics\High Voltage Converter.SchDoc with 10k 500v (1206) from Altium Library.IntLib
Replace Part R16 100R (0402) in C:\Users\RossHarvey\Documents\Electronics Documents\Argon_RevB\Schematics\High Voltage Converter.SchDoc with 100R (0402) from Altium Library.IntLib
Replace Part R17 0R (0603) in C:\Users\RossHarvey\Documents\Electronics Documents\Argon_RevB\Schematics\High Voltage Converter.SchDoc with 0R (0603) from Altium Library.IntLib
Replace Part R18 14k   0.1% (0603) in C:\Users\RossHarvey\Documents\Electronics Documents\Argon_RevB\Schematics\High Voltage Converter.SchDoc with 14k   0.1% (0603) from Altium Library.IntLib
Replace Part R19 100k (0402) in C:\Users\RossHarvey\Documents\Electronics Documents\Argon_RevB\Schematics\High Voltage Converter.SchDoc with 100k (0402) from Altium Library.IntLib
Replace Part R20 1k (0402) in C:\Users\RossHarvey\Documents\Electronics Documents\Argon_RevB\Schematics\High Voltage Converter.SchDoc with 1k (0402) from Altium Library.IntLib
Replace Part R21 316k (0402) in C:\Users\RossHarvey\Documents\Electronics Documents\Argon_RevB\Schematics\High Voltage Converter.SchDoc with 316k (0402) from Altium Library.IntLib
Replace Part R22 10k (0402) in C:\Users\RossHarvey\Documents\Electronics Documents\Argon_RevB\Schematics\High Voltage Converter.SchDoc with 10k (0402) from Altium Library.IntLib
Replace Part TP2 Testpoint Loop in C:\Users\RossHarvey\Documents\Electronics Documents\Argon_RevB\Schematics\High Voltage Converter.SchDoc with Testpoint Loop from Altium Library.IntLib
Replace Part TP3 Testpoint Loop in C:\Users\RossHarvey\Documents\Electronics Documents\Argon_RevB\Schematics\High Voltage Converter.SchDoc with Testpoint Loop from Altium Library.IntLib
Replace Part TP? Testpoint 1.5mm Pad in C:\Users\RossHarvey\Documents\Electronics Documents\Argon_RevB\Schematics\High Voltage Converter.SchDoc with Testpoint 1.5mm Pad from Altium Library.IntLib
Replace Part TP? Testpoint Loop in C:\Users\RossHarvey\Documents\Electronics Documents\Argon_RevB\Schematics\High Voltage Converter.SchDoc with Testpoint Loop from Altium Library.IntLib
Replace Part TP? Testpoint 1.5mm Pad in C:\Users\RossHarvey\Documents\Electronics Documents\Argon_RevB\Schematics\High Voltage Converter.SchDoc with Testpoint 1.5mm Pad from Altium Library.IntLib
Replace Part TP? Testpoint 1.5mm Pad in C:\Users\RossHarvey\Documents\Electronics Documents\Argon_RevB\Schematics\High Voltage Converter.SchDoc with Testpoint 1.5mm Pad from Altium Library.IntLib
Replace Part TP? Testpoint Loop in C:\Users\RossHarvey\Documents\Electronics Documents\Argon_RevB\Schematics\High Voltage Converter.SchDoc with Testpoint Loop from Altium Library.IntLib
Replace Part TP? Testpoint Loop in C:\Users\RossHarvey\Documents\Electronics Documents\Argon_RevB\Schematics\High Voltage Converter.SchDoc with Testpoint Loop from Altium Library.IntLib
Replace Part TP? Testpoint Loop in C:\Users\RossHarvey\Documents\Electronics Documents\Argon_RevB\Schematics\High Voltage Converter.SchDoc with Testpoint Loop from Altium Library.IntLib
Replace Part TP? Testpoint Loop in C:\Users\RossHarvey\Documents\Electronics Documents\Argon_RevB\Schematics\High Voltage Converter.SchDoc with Testpoint Loop from Altium Library.IntLib
Replace Part TP? Testpoint 1.5mm Pad in C:\Users\RossHarvey\Documents\Electronics Documents\Argon_RevB\Schematics\High Voltage Converter.SchDoc with Testpoint 1.5mm Pad from Altium Library.IntLib
Replace Part U5 UCC27517ADBVR in C:\Users\RossHarvey\Documents\Electronics Documents\Argon_RevB\Schematics\High Voltage Converter.SchDoc with UCC27517ADBVR from Altium Library.IntLib
Replace Part U6 OPA2377AIDR in C:\Users\RossHarvey\Documents\Electronics Documents\Argon_RevB\Schematics\High Voltage Converter.SchDoc with OPA2377AIDR from Altium Library.IntLib
Replace Part U6 OPA2377AIDR in C:\Users\RossHarvey\Documents\Electronics Documents\Argon_RevB\Schematics\High Voltage Converter.SchDoc with OPA2377AIDR from Altium Library.IntLib
Replace Part U7 TLV3491AIDBVRG4 in C:\Users\RossHarvey\Documents\Electronics Documents\Argon_RevB\Schematics\High Voltage Converter.SchDoc with TLV3491AIDBVRG4 from Altium Library.IntLib
