Change Component Designator: Old Designator=B? New Designator=B1
Change Component Designator: Old Designator=C? New Designator=C15
Change Component Designator: Old Designator=C? New Designator=C16
Change Component Designator: Old Designator=C? New Designator=C17
Change Component Designator: Old Designator=C? New Designator=C29
Change Component Designator: Old Designator=C? New Designator=C30
Change Component Designator: Old Designator=C? New Designator=C31
Change Component Designator: Old Designator=C? New Designator=C32
Change Component Designator: Old Designator=C? New Designator=C33
Change Component Designator: Old Designator=C? New Designator=C34
Change Component Designator: Old Designator=C? New Designator=C35
Change Component Designator: Old Designator=C? New Designator=C36
Change Component Designator: Old Designator=C? New Designator=C37
Change Component Designator: Old Designator=C? New Designator=C38
Change Component Designator: Old Designator=C? New Designator=C39
Change Component Designator: Old Designator=C? New Designator=C40
Change Component Designator: Old Designator=C? New Designator=C41
Change Component Designator: Old Designator=C? New Designator=C42
Change Component Designator: Old Designator=C? New Designator=C43
Change Component Designator: Old Designator=C? New Designator=C44
Change Component Designator: Old Designator=D? New Designator=D2
Change Component Designator: Old Designator=D? New Designator=D3
Change Component Designator: Old Designator=D? New Designator=D4
Change Component Designator: Old Designator=D? New Designator=D5
Change Component Designator: Old Designator=D? New Designator=D6
Change Component Designator: Old Designator=D? New Designator=D7
Change Component Designator: Old Designator=J? New Designator=J2
Change Component Designator: Old Designator=L? New Designator=L2
Change Component Designator: Old Designator=L? New Designator=L3
Change Component Designator: Old Designator=M? New Designator=M3
Change Component Designator: Old Designator=M? New Designator=M4
Change Component Designator: Old Designator=M? New Designator=M5
Change Component Designator: Old Designator=R? New Designator=R23
Change Component Designator: Old Designator=R? New Designator=R24
Change Component Designator: Old Designator=R? New Designator=R25
Change Component Designator: Old Designator=R? New Designator=R26
Change Component Designator: Old Designator=R? New Designator=R27
Change Component Designator: Old Designator=R? New Designator=R28
Change Component Designator: Old Designator=R? New Designator=R29
Change Component Designator: Old Designator=R? New Designator=R30
Change Component Designator: Old Designator=R? New Designator=R31
Change Component Designator: Old Designator=T? New Designator=T1
Change Component Designator: Old Designator=TP? New Designator=TP4
Change Component Designator: Old Designator=TP? New Designator=TP5
Change Component Designator: Old Designator=TP? New Designator=TP6
Change Component Designator: Old Designator=TP? New Designator=TP7
Change Component Designator: Old Designator=TP? New Designator=TP8
Change Component Designator: Old Designator=TP? New Designator=TP9
Change Component Designator: Old Designator=TP? New Designator=TP10
Change Component Designator: Old Designator=TP? New Designator=TP11
Change Component Designator: Old Designator=U? New Designator=U4
Change Component Designator: Old Designator=U? New Designator=U8
Change Component Designator: Old Designator=U? New Designator=U9
