Replace Part C? 1uF 25v (0603) in C:\Users\RossHarvey\Documents\Electronics Documents\Argon_RevB\Schematics\Power.SchDoc with 1uF 25v (0603) from Altium Library.IntLib
Replace Part C? 4.7uF 25v (1206) in C:\Users\RossHarvey\Documents\Electronics Documents\Argon_RevB\Schematics\Power.SchDoc with 4.7uF 25v (1206) from Altium Library.IntLib
Replace Part C? 4.7uF 25v (1206) in C:\Users\RossHarvey\Documents\Electronics Documents\Argon_RevB\Schematics\Power.SchDoc with 4.7uF 25v (1206) from Altium Library.IntLib
Replace Part C? 1uF 25v (0603) in C:\Users\RossHarvey\Documents\Electronics Documents\Argon_RevB\Schematics\Power.SchDoc with 1uF 25v (0603) from Altium Library.IntLib
Replace Part C? 22uF 10v (1210) in C:\Users\RossHarvey\Documents\Electronics Documents\Argon_RevB\Schematics\Power.SchDoc with 22uF 10v (1210) from Altium Library.IntLib
Replace Part C? 22uF 10v (1210) in C:\Users\RossHarvey\Documents\Electronics Documents\Argon_RevB\Schematics\Power.SchDoc with 22uF 10v (1210) from Altium Library.IntLib
Replace Part C? 47nF 50v (0603) in C:\Users\RossHarvey\Documents\Electronics Documents\Argon_RevB\Schematics\Power.SchDoc with 47nF 50v (0603) from Altium Library.IntLib
Replace Part C? 10pF 50v (0402) in C:\Users\RossHarvey\Documents\Electronics Documents\Argon_RevB\Schematics\Power.SchDoc with 10pF 50v (0402) from Altium Library.IntLib
Replace Part C? 10pF 50v (0402) in C:\Users\RossHarvey\Documents\Electronics Documents\Argon_RevB\Schematics\Power.SchDoc with 10pF 50v (0402) from Altium Library.IntLib
Replace Part C? 270pF 50v (0603) in C:\Users\RossHarvey\Documents\Electronics Documents\Argon_RevB\Schematics\Power.SchDoc with 270pF 50v (0603) from Altium Library.IntLib
Replace Part D? SBR2M30P1-7 in C:\Users\RossHarvey\Documents\Electronics Documents\Argon_RevB\Schematics\Power.SchDoc with SBR2M30P1-7 from Altium Library.IntLib
Replace Part D? LED Amber 0603 in C:\Users\RossHarvey\Documents\Electronics Documents\Argon_RevB\Schematics\Power.SchDoc with LED Amber 0603 from Altium Library.IntLib
Replace Part D? LED Green 0603 in C:\Users\RossHarvey\Documents\Electronics Documents\Argon_RevB\Schematics\Power.SchDoc with LED Green 0603 from Altium Library.IntLib
Replace Part D? LED Green 0603 in C:\Users\RossHarvey\Documents\Electronics Documents\Argon_RevB\Schematics\Power.SchDoc with LED Green 0603 from Altium Library.IntLib
Replace Part L? 10uH 3.3A in C:\Users\RossHarvey\Documents\Electronics Documents\Argon_RevB\Schematics\Power.SchDoc with 10uH 3.3A from Altium Library.IntLib
Replace Part M1 2N7002 in C:\Users\RossHarvey\Documents\Electronics Documents\Argon_RevB\Schematics\Power.SchDoc with 2N7002 from Altium Library.IntLib
Replace Part R? 80.6k (0402) in C:\Users\RossHarvey\Documents\Electronics Documents\Argon_RevB\Schematics\Power.SchDoc with 80.6k (0402) from Altium Library.IntLib
Replace Part R? 432k (0402) in C:\Users\RossHarvey\Documents\Electronics Documents\Argon_RevB\Schematics\Power.SchDoc with 432k (0402) from Altium Library.IntLib
Replace Part R? 20R (0402) in C:\Users\RossHarvey\Documents\Electronics Documents\Argon_RevB\Schematics\Power.SchDoc with 20R (0402) from Altium Library.IntLib
Replace Part R? 68.1k (0402) in C:\Users\RossHarvey\Documents\Electronics Documents\Argon_RevB\Schematics\Power.SchDoc with 68.1k (0402) from Altium Library.IntLib
Replace Part R? 232k (0402) in C:\Users\RossHarvey\Documents\Electronics Documents\Argon_RevB\Schematics\Power.SchDoc with 232k (0402) from Altium Library.IntLib
Replace Part TP? Testpoint 1.5mm Pad in C:\Users\RossHarvey\Documents\Electronics Documents\Argon_RevB\Schematics\Power.SchDoc with Testpoint 1.5mm Pad from Altium Library.IntLib
Replace Part TP? Testpoint 1.5mm Pad in C:\Users\RossHarvey\Documents\Electronics Documents\Argon_RevB\Schematics\Power.SchDoc with Testpoint 1.5mm Pad from Altium Library.IntLib
Replace Part TP? Testpoint 1.5mm Pad in C:\Users\RossHarvey\Documents\Electronics Documents\Argon_RevB\Schematics\Power.SchDoc with Testpoint 1.5mm Pad from Altium Library.IntLib
Replace Part TP? Testpoint 1.5mm Pad in C:\Users\RossHarvey\Documents\Electronics Documents\Argon_RevB\Schematics\Power.SchDoc with Testpoint 1.5mm Pad from Altium Library.IntLib
Replace Part TP? Testpoint Loop in C:\Users\RossHarvey\Documents\Electronics Documents\Argon_RevB\Schematics\Power.SchDoc with Testpoint Loop from Altium Library.IntLib
Replace Part TP? Testpoint Loop in C:\Users\RossHarvey\Documents\Electronics Documents\Argon_RevB\Schematics\Power.SchDoc with Testpoint Loop from Altium Library.IntLib
Replace Part U? A8586 in C:\Users\RossHarvey\Documents\Electronics Documents\Argon_RevB\Schematics\Power.SchDoc with A8586 from Altium Library.IntLib
